<?xml version="1.0" encoding="UTF-8"?>
<testng-results skipped="0" failed="0" ignored="0" total="4" passed="4">
  <reporter-output>
  </reporter-output>
  <suite name="Suite" duration-ms="251" started-at="2020-11-03T11:03:44 IST" finished-at="2020-11-03T11:03:45 IST">
    <groups>
    </groups>
    <test name="Test" duration-ms="132" started-at="2020-11-03T11:03:44 IST" finished-at="2020-11-03T11:03:44 IST">
      <class name="TestNGSample.AllAnnotations">
        <test-method status="PASS" signature="beforeclass()[pri:0, instance:TestNGSample.AllAnnotations@4bbfb90a]" name="beforeclass" is-config="true" duration-ms="0" started-at="2020-11-03T11:03:44 IST" finished-at="2020-11-03T11:03:44 IST">
          <reporter-output>
          </reporter-output>
        </test-method> <!-- beforeclass -->
        <test-method status="PASS" signature="beforeMethod()[pri:0, instance:TestNGSample.AllAnnotations@4bbfb90a]" name="beforeMethod" is-config="true" duration-ms="0" started-at="2020-11-03T11:03:44 IST" finished-at="2020-11-03T11:03:44 IST">
          <reporter-output>
          </reporter-output>
        </test-method> <!-- beforeMethod -->
        <test-method status="PASS" signature="testMethod()[pri:0, instance:TestNGSample.AllAnnotations@4bbfb90a]" name="testMethod" duration-ms="25" started-at="2020-11-03T11:03:44 IST" finished-at="2020-11-03T11:03:44 IST">
          <reporter-output>
          </reporter-output>
        </test-method> <!-- testMethod -->
        <test-method status="PASS" signature="afterMethod()[pri:0, instance:TestNGSample.AllAnnotations@4bbfb90a]" name="afterMethod" is-config="true" duration-ms="1" started-at="2020-11-03T11:03:44 IST" finished-at="2020-11-03T11:03:44 IST">
          <reporter-output>
          </reporter-output>
        </test-method> <!-- afterMethod -->
        <test-method status="PASS" signature="beforeMethod()[pri:0, instance:TestNGSample.AllAnnotations@4bbfb90a]" name="beforeMethod" is-config="true" duration-ms="1" started-at="2020-11-03T11:03:44 IST" finished-at="2020-11-03T11:03:44 IST">
          <reporter-output>
          </reporter-output>
        </test-method> <!-- beforeMethod -->
        <test-method status="PASS" signature="testMethod1()[pri:0, instance:TestNGSample.AllAnnotations@4bbfb90a]" name="testMethod1" duration-ms="7" started-at="2020-11-03T11:03:44 IST" finished-at="2020-11-03T11:03:44 IST">
          <reporter-output>
          </reporter-output>
        </test-method> <!-- testMethod1 -->
        <test-method status="PASS" signature="afterMethod()[pri:0, instance:TestNGSample.AllAnnotations@4bbfb90a]" name="afterMethod" is-config="true" duration-ms="1" started-at="2020-11-03T11:03:44 IST" finished-at="2020-11-03T11:03:44 IST">
          <reporter-output>
          </reporter-output>
        </test-method> <!-- afterMethod -->
        <test-method status="PASS" signature="afterclass()[pri:0, instance:TestNGSample.AllAnnotations@4bbfb90a]" name="afterclass" is-config="true" duration-ms="0" started-at="2020-11-03T11:03:44 IST" finished-at="2020-11-03T11:03:44 IST">
          <reporter-output>
          </reporter-output>
        </test-method> <!-- afterclass -->
      </class> <!-- TestNGSample.AllAnnotations -->
    </test> <!-- Test -->
    <test name="Test2" duration-ms="19" started-at="2020-11-03T11:03:45 IST" finished-at="2020-11-03T11:03:45 IST">
      <class name="TestNGSample.AllAnnotations">
        <test-method status="PASS" signature="beforeSuite()[pri:0, instance:TestNGSample.AllAnnotations@1786dec2]" name="beforeSuite" is-config="true" duration-ms="29" started-at="2020-11-03T11:03:44 IST" finished-at="2020-11-03T11:03:44 IST">
          <reporter-output>
          </reporter-output>
        </test-method> <!-- beforeSuite -->
        <test-method status="PASS" signature="beforeclass()[pri:0, instance:TestNGSample.AllAnnotations@1786dec2]" name="beforeclass" is-config="true" duration-ms="2" started-at="2020-11-03T11:03:45 IST" finished-at="2020-11-03T11:03:45 IST">
          <reporter-output>
          </reporter-output>
        </test-method> <!-- beforeclass -->
        <test-method status="PASS" signature="beforeMethod()[pri:0, instance:TestNGSample.AllAnnotations@1786dec2]" name="beforeMethod" is-config="true" duration-ms="1" started-at="2020-11-03T11:03:45 IST" finished-at="2020-11-03T11:03:45 IST">
          <reporter-output>
          </reporter-output>
        </test-method> <!-- beforeMethod -->
        <test-method status="PASS" signature="testMethod()[pri:0, instance:TestNGSample.AllAnnotations@1786dec2]" name="testMethod" duration-ms="2" started-at="2020-11-03T11:03:45 IST" finished-at="2020-11-03T11:03:45 IST">
          <reporter-output>
          </reporter-output>
        </test-method> <!-- testMethod -->
        <test-method status="PASS" signature="afterMethod()[pri:0, instance:TestNGSample.AllAnnotations@1786dec2]" name="afterMethod" is-config="true" duration-ms="0" started-at="2020-11-03T11:03:45 IST" finished-at="2020-11-03T11:03:45 IST">
          <reporter-output>
          </reporter-output>
        </test-method> <!-- afterMethod -->
        <test-method status="PASS" signature="beforeMethod()[pri:0, instance:TestNGSample.AllAnnotations@1786dec2]" name="beforeMethod" is-config="true" duration-ms="1" started-at="2020-11-03T11:03:45 IST" finished-at="2020-11-03T11:03:45 IST">
          <reporter-output>
          </reporter-output>
        </test-method> <!-- beforeMethod -->
        <test-method status="PASS" signature="testMethod1()[pri:0, instance:TestNGSample.AllAnnotations@1786dec2]" name="testMethod1" duration-ms="3" started-at="2020-11-03T11:03:45 IST" finished-at="2020-11-03T11:03:45 IST">
          <reporter-output>
          </reporter-output>
        </test-method> <!-- testMethod1 -->
        <test-method status="PASS" signature="afterMethod()[pri:0, instance:TestNGSample.AllAnnotations@1786dec2]" name="afterMethod" is-config="true" duration-ms="1" started-at="2020-11-03T11:03:45 IST" finished-at="2020-11-03T11:03:45 IST">
          <reporter-output>
          </reporter-output>
        </test-method> <!-- afterMethod -->
        <test-method status="PASS" signature="afterclass()[pri:0, instance:TestNGSample.AllAnnotations@1786dec2]" name="afterclass" is-config="true" duration-ms="0" started-at="2020-11-03T11:03:45 IST" finished-at="2020-11-03T11:03:45 IST">
          <reporter-output>
          </reporter-output>
        </test-method> <!-- afterclass -->
        <test-method status="PASS" signature="afterSuite()[pri:0, instance:TestNGSample.AllAnnotations@1786dec2]" name="afterSuite" is-config="true" duration-ms="0" started-at="2020-11-03T11:03:45 IST" finished-at="2020-11-03T11:03:45 IST">
          <reporter-output>
          </reporter-output>
        </test-method> <!-- afterSuite -->
      </class> <!-- TestNGSample.AllAnnotations -->
    </test> <!-- Test2 -->
  </suite> <!-- Suite -->
</testng-results>
